<?xml version="1.0" encoding="UTF-8"?>
<!-- Generated by org.testng.reporters.JUnitReportReporter -->
<testsuite hostname="DESKTOP-E21CFT6" failures="0" tests="1" name="Scenario_4.Scenario_4" time="55.110" errors="0" timestamp="2023-05-22T15:32:39 IST" skipped="0">
  <testcase classname="Scenario_4.Scenario_4" name="f" time="55.110"/>
  <system-out/>
</testsuite> <!-- Scenario_4.Scenario_4 -->
